2025-04-16T18:15:20Z DBG github.com/traefik/traefik/v3/pkg/tls/tlsmanager.go:228 > Serving default certificate for request: "traefik.crispychrisprivserver.org"
2025-04-16T18:15:20Z DBG log/log.go:245 > http: TLS handshake error from 172.18.0.1:64888: remote error: tls: bad certificate
2025-04-16T18:15:20Z DBG github.com/traefik/traefik/v3/pkg/tls/tlsmanager.go:228 > Serving default certificate for request: "traefik.crispychrisprivserver.org"
2025-04-16T18:15:20Z DBG log/log.go:245 > http: TLS handshake error from 172.18.0.1:64890: remote error: tls: bad certificate
2025-04-16T18:15:32Z INF github.com/traefik/traefik/v3/pkg/server/server.go:51 > I have to go...
2025-04-16T18:15:32Z INF github.com/traefik/traefik/v3/pkg/server/server.go:52 > Stopping server gracefully
2025-04-16T18:15:32Z DBG github.com/traefik/traefik/v3/pkg/server/server_entrypoint_tcp.go:298 > Waiting 10s seconds before killing connections entryPointName=websecure
2025-04-16T18:15:32Z DBG github.com/traefik/traefik/v3/pkg/server/server_entrypoint_tcp.go:298 > Waiting 10s seconds before killing connections entryPointName=web
2025-04-16T18:15:32Z ERR github.com/traefik/traefik/v3/pkg/server/server_entrypoint_tcp.go:240 > error="accept tcp [::]:443: use of closed network connection" entryPointName=websecure
2025-04-16T18:15:32Z ERR github.com/traefik/traefik/v3/pkg/server/server_entrypoint_tcp.go:316 > error="close tcp [::]:443: use of closed network connection" entryPointName=websecure
2025-04-16T18:15:32Z DBG github.com/traefik/traefik/v3/pkg/server/server_entrypoint_tcp.go:153 > Entrypoint closed entryPointName=websecure
2025-04-16T18:15:32Z ERR github.com/traefik/traefik/v3/pkg/server/server_entrypoint_tcp.go:240 > error="accept tcp [::]:80: use of closed network connection" entryPointName=web
2025-04-16T18:15:32Z ERR github.com/traefik/traefik/v3/pkg/server/server_entrypoint_tcp.go:316 > error="close tcp [::]:80: use of closed network connection" entryPointName=web
2025-04-16T18:15:32Z DBG github.com/traefik/traefik/v3/pkg/server/server_entrypoint_tcp.go:153 > Entrypoint closed entryPointName=web
2025-04-16T18:15:32Z INF github.com/traefik/traefik/v3/pkg/server/server.go:76 > Server stopped
2025-04-16T18:15:32Z INF github.com/traefik/traefik/v3/cmd/traefik/traefik.go:168 > Shutting down
2025-04-16T18:16:47Z INF github.com/traefik/traefik/v3/cmd/traefik/traefik.go:106 > Traefik version 3.3.5 built on 2025-03-31T08:45:53Z version=3.3.5
2025-04-16T18:16:47Z DBG github.com/traefik/traefik/v3/cmd/traefik/traefik.go:113 > Static configuration loaded [json] staticConfiguration={"accessLog":{"fields":{"defaultMode":"keep","headers":{"defaultMode":"drop"}},"filePath":"/var/log/traefik/access.log","filters":{},"format":"common"},"api":{"basePath":"/","dashboard":true,"debug":true},"certificatesResolvers":{"cloudflare":{"acme":{"caServer":"https://acme-staging-v02.api.letsencrypt.org/directory","certificatesDuration":2160,"dnsChallenge":{"provider":"cloudflare","resolvers":["1.1.1.1:53","1.0.0.1:53"]},"email":"chrisolsenweb@gmail.com","keyType":"RSA4096","storage":"/letsencrypt/acme.json"}}},"entryPoints":{"web":{"address":":80","forwardedHeaders":{},"http":{"maxHeaderBytes":1048576},"http2":{"maxConcurrentStreams":250},"transport":{"lifeCycle":{"graceTimeOut":"10s"},"respondingTimeouts":{"idleTimeout":"3m0s","readTimeout":"1m0s"}},"udp":{"timeout":"3s"}},"websecure":{"address":":443","forwardedHeaders":{},"http":{"maxHeaderBytes":1048576},"http2":{"maxConcurrentStreams":250},"transport":{"lifeCycle":{"graceTimeOut":"10s"},"respondingTimeouts":{"idleTimeout":"3m0s","readTimeout":"1m0s"}},"udp":{"timeout":"3s"}}},"global":{"checkNewVersion":true},"log":{"filePath":"/var/log/traefik/traefik.log","format":"common","level":"DEBUG"},"providers":{"docker":{"defaultRule":"Host(`{{ normalize .Name }}`)","endpoint":"unix:///var/run/docker.sock","watch":true},"providersThrottleDuration":"2s"},"serversTransport":{"insecureSkipVerify":true,"maxIdleConnsPerHost":200},"tcpServersTransport":{"dialKeepAlive":"15s","dialTimeout":"30s"}}
2025-04-16T18:16:47Z INF github.com/traefik/traefik/v3/cmd/traefik/traefik.go:632 > 
Stats collection is disabled.
Help us improve Traefik by turning this feature on :)
More details on: https://doc.traefik.io/traefik/contributing/data-collection/

2025-04-16T18:16:47Z INF github.com/traefik/traefik/v3/pkg/server/configurationwatcher.go:73 > Starting provider aggregator *aggregator.ProviderAggregator
2025-04-16T18:16:47Z DBG github.com/traefik/traefik/v3/pkg/server/server_entrypoint_tcp.go:231 > Starting TCP Server entryPointName=web
2025-04-16T18:16:47Z DBG github.com/traefik/traefik/v3/pkg/server/server_entrypoint_tcp.go:231 > Starting TCP Server entryPointName=websecure
2025-04-16T18:16:47Z INF github.com/traefik/traefik/v3/pkg/provider/aggregator/aggregator.go:202 > Starting provider *traefik.Provider
2025-04-16T18:16:47Z INF github.com/traefik/traefik/v3/pkg/provider/aggregator/aggregator.go:202 > Starting provider *docker.Provider
2025-04-16T18:16:47Z DBG github.com/traefik/traefik/v3/pkg/provider/aggregator/aggregator.go:203 > *docker.Provider provider configuration config={"defaultRule":"Host(`{{ normalize .Name }}`)","endpoint":"unix:///var/run/docker.sock","watch":true}
2025-04-16T18:16:47Z DBG github.com/traefik/traefik/v3/pkg/provider/aggregator/aggregator.go:203 > *traefik.Provider provider configuration config={}
2025-04-16T18:16:47Z INF github.com/traefik/traefik/v3/pkg/provider/aggregator/aggregator.go:202 > Starting provider *acme.Provider
2025-04-16T18:16:47Z DBG github.com/traefik/traefik/v3/pkg/provider/aggregator/aggregator.go:203 > *acme.Provider provider configuration config={"HTTPChallengeProvider":{},"ResolverName":"cloudflare","TLSChallengeProvider":{},"caServer":"https://acme-staging-v02.api.letsencrypt.org/directory","certificatesDuration":2160,"dnsChallenge":{"provider":"cloudflare","resolvers":["1.1.1.1:53","1.0.0.1:53"]},"email":"chrisolsenweb@gmail.com","keyType":"RSA4096","storage":"/letsencrypt/acme.json","store":{}}
2025-04-16T18:16:47Z INF github.com/traefik/traefik/v3/pkg/provider/aggregator/aggregator.go:202 > Starting provider *acme.ChallengeTLSALPN
2025-04-16T18:16:47Z DBG github.com/traefik/traefik/v3/pkg/provider/aggregator/aggregator.go:203 > *acme.ChallengeTLSALPN provider configuration config={}
2025-04-16T18:16:47Z DBG github.com/traefik/traefik/v3/pkg/provider/acme/provider.go:232 > Attempt to renew certificates "720h0m0s" before expiry and check every "24h0m0s" acmeCA=https://acme-staging-v02.api.letsencrypt.org/directory providerName=cloudflare.acme
2025-04-16T18:16:47Z INF github.com/traefik/traefik/v3/pkg/provider/acme/provider.go:884 > Testing certificate renew... acmeCA=https://acme-staging-v02.api.letsencrypt.org/directory providerName=cloudflare.acme
2025-04-16T18:16:47Z DBG github.com/traefik/traefik/v3/pkg/server/configurationwatcher.go:227 > Configuration received config={"http":{"serversTransports":{"default":{"insecureSkipVerify":true,"maxIdleConnsPerHost":200}},"services":{"api":{},"dashboard":{},"noop":{}}},"tcp":{"serversTransports":{"default":{"dialKeepAlive":"15s","dialTimeout":"30s"}}},"tls":{},"udp":{}} providerName=internal
2025-04-16T18:16:47Z DBG github.com/traefik/traefik/v3/pkg/server/configurationwatcher.go:227 > Configuration received config={"http":{},"tcp":{},"tls":{},"udp":{}} providerName=cloudflare.acme
2025-04-16T18:16:47Z DBG github.com/traefik/traefik/v3/pkg/provider/docker/pdocker.go:90 > Provider connection established with docker 28.0.4 (API 1.48) providerName=docker
2025-04-16T18:16:47Z DBG github.com/traefik/traefik/v3/pkg/server/configurationwatcher.go:227 > Configuration received config={"http":{"middlewares":{"redirect-to-https":{"redirectScheme":{"scheme":"https"}},"secure-headers":{"headers":{"contentSecurityPolicy":"default-src 'self'","contentTypeNosniff":true,"customBrowserXSSValue":"0","customRequestHeaders":{"X-Forwarded-Proto":"https"},"forceSTSHeader":true,"referrerPolicy":"strict-origin-when-cross-origin","stsIncludeSubdomains":true,"stsPreload":true,"stsSeconds":3153600}},"traefik-auth":{"basicAuth":{"users":["chris:$2y$05$AbuKHrv0FggUuBDj3tMOfO8GbgGxpVyFy1rs09pCrA5efDDGPQUHC"]}}},"routers":{"traefik":{"entryPoints":["web"],"middlewares":["redirect-to-https"],"rule":"Host(`traefik.crispychrisprivserver.org`)","service":"traefik-traefik"},"traefik-secure":{"entryPoints":["websecure"],"middlewares":["traefik-auth","secure-headers"],"rule":"Host(`traefik.crispychrisprivserver.org`)","service":"api@internal","tls":{"certResolver":"cloudflare","domains":[{"main":"crispychrisprivserver.org","sans":["*.crispychrisprivserver.org"]}]}}},"services":{"traefik-traefik":{"loadBalancer":{"passHostHeader":true,"responseForwarding":{"flushInterval":"100ms"},"servers":[{"url":"http://172.18.0.2:80"}]}}}},"tcp":{},"tls":{},"udp":{}} providerName=docker
2025-04-16T18:16:47Z DBG github.com/traefik/traefik/v3/pkg/tls/tlsmanager.go:321 > No default certificate, fallback to the internal generated certificate tlsStoreName=default
2025-04-16T18:16:47Z DBG github.com/traefik/traefik/v3/pkg/tls/tlsmanager.go:321 > No default certificate, fallback to the internal generated certificate tlsStoreName=default
2025-04-16T18:16:47Z DBG github.com/traefik/traefik/v3/pkg/server/service/service.go:312 > Creating load-balancer entryPointName=web routerName=traefik@docker serviceName=traefik-traefik@docker
2025-04-16T18:16:47Z DBG github.com/traefik/traefik/v3/pkg/server/service/service.go:344 > Creating server URL=http://172.18.0.2:80 entryPointName=web routerName=traefik@docker serverIndex=0 serviceName=traefik-traefik@docker
2025-04-16T18:16:47Z DBG github.com/traefik/traefik/v3/pkg/middlewares/redirect/redirect_scheme.go:29 > Creating middleware entryPointName=web middlewareName=redirect-to-https@docker middlewareType=RedirectScheme routerName=traefik@docker
2025-04-16T18:16:47Z DBG github.com/traefik/traefik/v3/pkg/middlewares/redirect/redirect_scheme.go:30 > Setting up redirection to https  entryPointName=web middlewareName=redirect-to-https@docker middlewareType=RedirectScheme routerName=traefik@docker
2025-04-16T18:16:47Z DBG github.com/traefik/traefik/v3/pkg/middlewares/recovery/recovery.go:25 > Creating middleware entryPointName=web middlewareName=traefik-internal-recovery middlewareType=Recovery
2025-04-16T18:16:47Z DBG github.com/traefik/traefik/v3/pkg/middlewares/headers/headers.go:27 > Creating middleware entryPointName=websecure middlewareName=secure-headers@docker middlewareType=Headers routerName=traefik-secure@docker
2025-04-16T18:16:47Z DBG github.com/traefik/traefik/v3/pkg/middlewares/headers/headers.go:41 > Setting up secureHeaders from {map[X-Forwarded-Proto:https] map[] false [] [] [] [] [] 0 false [] [] map[] 3153600 true true true false  true false 0 default-src 'self'   strict-origin-when-cross-origin  false <nil> <nil> <nil> <nil> <nil>} entryPointName=websecure middlewareName=secure-headers@docker middlewareType=Headers routerName=traefik-secure@docker
2025-04-16T18:16:47Z DBG github.com/traefik/traefik/v3/pkg/middlewares/headers/headers.go:47 > Setting up customHeaders/Cors from {map[X-Forwarded-Proto:https] map[] false [] [] [] [] [] 0 false [] [] map[] 3153600 true true true false  true false 0 default-src 'self'   strict-origin-when-cross-origin  false <nil> <nil> <nil> <nil> <nil>} entryPointName=websecure middlewareName=secure-headers@docker middlewareType=Headers routerName=traefik-secure@docker
2025-04-16T18:16:47Z DBG github.com/traefik/traefik/v3/pkg/middlewares/observability/middleware.go:33 > Adding tracing to middleware entryPointName=websecure middlewareName=secure-headers@docker routerName=traefik-secure@docker
2025-04-16T18:16:47Z DBG github.com/traefik/traefik/v3/pkg/middlewares/auth/basic_auth.go:37 > Creating middleware entryPointName=websecure middlewareName=traefik-auth@docker middlewareType=BasicAuth routerName=traefik-secure@docker
2025-04-16T18:16:47Z DBG github.com/traefik/traefik/v3/pkg/middlewares/observability/middleware.go:33 > Adding tracing to middleware entryPointName=websecure middlewareName=traefik-auth@docker routerName=traefik-secure@docker
2025-04-16T18:16:47Z DBG github.com/traefik/traefik/v3/pkg/middlewares/recovery/recovery.go:25 > Creating middleware entryPointName=websecure middlewareName=traefik-internal-recovery middlewareType=Recovery
2025-04-16T18:16:47Z DBG github.com/traefik/traefik/v3/pkg/server/router/tcp/manager.go:237 > Adding route for traefik.crispychrisprivserver.org with TLS options default entryPointName=websecure
2025-04-16T18:16:47Z DBG github.com/traefik/traefik/v3/pkg/provider/acme/provider.go:940 > Looking for provided certificate(s) to validate ["crispychrisprivserver.org" "*.crispychrisprivserver.org"]... ACME CA=https://acme-staging-v02.api.letsencrypt.org/directory acmeCA=https://acme-staging-v02.api.letsencrypt.org/directory providerName=cloudflare.acme
2025-04-16T18:16:47Z DBG github.com/traefik/traefik/v3/pkg/provider/acme/provider.go:986 > Domains need ACME certificates generation for domains "crispychrisprivserver.org,*.crispychrisprivserver.org". ACME CA=https://acme-staging-v02.api.letsencrypt.org/directory acmeCA=https://acme-staging-v02.api.letsencrypt.org/directory domains=["crispychrisprivserver.org","*.crispychrisprivserver.org"] providerName=cloudflare.acme
2025-04-16T18:16:47Z DBG github.com/traefik/traefik/v3/pkg/provider/acme/provider.go:706 > Loading ACME certificates [crispychrisprivserver.org *.crispychrisprivserver.org]... ACME CA=https://acme-staging-v02.api.letsencrypt.org/directory acmeCA=https://acme-staging-v02.api.letsencrypt.org/directory providerName=cloudflare.acme
2025-04-16T18:16:49Z DBG github.com/traefik/traefik/v3/pkg/provider/acme/provider.go:270 > Building ACME client... providerName=cloudflare.acme
2025-04-16T18:16:49Z DBG github.com/traefik/traefik/v3/pkg/provider/acme/provider.go:276 > https://acme-staging-v02.api.letsencrypt.org/directory providerName=cloudflare.acme
2025-04-16T18:16:49Z INF github.com/traefik/traefik/v3/pkg/provider/acme/provider.go:457 > Register... providerName=cloudflare.acme
2025-04-16T18:16:49Z DBG github.com/go-acme/lego/v4@v4.22.2/log/logger.go:48 > [INFO] acme: Registering account for chrisolsenweb@gmail.com lib=lego
2025-04-16T18:16:50Z DBG github.com/traefik/traefik/v3/pkg/provider/acme/provider.go:317 > Using DNS Challenge provider: cloudflare providerName=cloudflare.acme
2025-04-16T18:16:50Z DBG github.com/go-acme/lego/v4@v4.22.2/log/logger.go:48 > [INFO] [crispychrisprivserver.org, *.crispychrisprivserver.org] acme: Obtaining bundled SAN certificate lib=lego
2025-04-16T18:16:50Z DBG github.com/go-acme/lego/v4@v4.22.2/log/logger.go:48 > [INFO] [*.crispychrisprivserver.org] AuthURL: https://acme-staging-v02.api.letsencrypt.org/acme/authz/195510434/16831408054 lib=lego
2025-04-16T18:16:50Z DBG github.com/go-acme/lego/v4@v4.22.2/log/logger.go:48 > [INFO] [crispychrisprivserver.org] AuthURL: https://acme-staging-v02.api.letsencrypt.org/acme/authz/195510434/16831408064 lib=lego
2025-04-16T18:16:50Z DBG github.com/go-acme/lego/v4@v4.22.2/log/logger.go:48 > [INFO] [*.crispychrisprivserver.org] acme: use dns-01 solver lib=lego
2025-04-16T18:16:50Z DBG github.com/go-acme/lego/v4@v4.22.2/log/logger.go:48 > [INFO] [crispychrisprivserver.org] acme: Could not find solver for: tls-alpn-01 lib=lego
2025-04-16T18:16:50Z DBG github.com/go-acme/lego/v4@v4.22.2/log/logger.go:48 > [INFO] [crispychrisprivserver.org] acme: Could not find solver for: http-01 lib=lego
2025-04-16T18:16:50Z DBG github.com/go-acme/lego/v4@v4.22.2/log/logger.go:48 > [INFO] [crispychrisprivserver.org] acme: use dns-01 solver lib=lego
2025-04-16T18:16:50Z DBG github.com/go-acme/lego/v4@v4.22.2/log/logger.go:48 > [INFO] [*.crispychrisprivserver.org] acme: Preparing to solve DNS-01 lib=lego
2025-04-16T18:16:51Z DBG github.com/go-acme/lego/v4@v4.22.2/log/logger.go:48 > [INFO] cloudflare: new record for crispychrisprivserver.org, ID 60b12fd225b81706b223039b224e0000 lib=lego
2025-04-16T18:16:51Z DBG github.com/go-acme/lego/v4@v4.22.2/log/logger.go:48 > [INFO] [crispychrisprivserver.org] acme: Preparing to solve DNS-01 lib=lego
2025-04-16T18:16:51Z DBG github.com/go-acme/lego/v4@v4.22.2/log/logger.go:48 > [INFO] cloudflare: new record for crispychrisprivserver.org, ID 2663e07267e27974ff0b08ff28649346 lib=lego
2025-04-16T18:16:51Z DBG github.com/go-acme/lego/v4@v4.22.2/log/logger.go:48 > [INFO] [*.crispychrisprivserver.org] acme: Trying to solve DNS-01 lib=lego
2025-04-16T18:16:51Z DBG github.com/go-acme/lego/v4@v4.22.2/log/logger.go:48 > [INFO] [*.crispychrisprivserver.org] acme: Checking DNS record propagation. [nameservers=1.1.1.1:53,1.0.0.1:53] lib=lego
2025-04-16T18:16:53Z DBG github.com/go-acme/lego/v4@v4.22.2/log/logger.go:48 > [INFO] Wait for propagation [timeout: 2m0s, interval: 2s] lib=lego
2025-04-16T18:16:54Z DBG github.com/go-acme/lego/v4@v4.22.2/log/logger.go:48 > [INFO] [*.crispychrisprivserver.org] acme: Waiting for DNS record propagation. lib=lego
2025-04-16T18:16:56Z DBG github.com/go-acme/lego/v4@v4.22.2/log/logger.go:48 > [INFO] [*.crispychrisprivserver.org] acme: Waiting for DNS record propagation. lib=lego
2025-04-16T18:17:03Z DBG github.com/go-acme/lego/v4@v4.22.2/log/logger.go:48 > [INFO] [*.crispychrisprivserver.org] The server validated our request lib=lego
2025-04-16T18:17:03Z DBG github.com/go-acme/lego/v4@v4.22.2/log/logger.go:48 > [INFO] [crispychrisprivserver.org] acme: Trying to solve DNS-01 lib=lego
2025-04-16T18:17:03Z DBG github.com/go-acme/lego/v4@v4.22.2/log/logger.go:48 > [INFO] [crispychrisprivserver.org] acme: Checking DNS record propagation. [nameservers=1.1.1.1:53,1.0.0.1:53] lib=lego
2025-04-16T18:17:05Z DBG github.com/go-acme/lego/v4@v4.22.2/log/logger.go:48 > [INFO] Wait for propagation [timeout: 2m0s, interval: 2s] lib=lego
2025-04-16T18:17:12Z DBG github.com/go-acme/lego/v4@v4.22.2/log/logger.go:48 > [INFO] [crispychrisprivserver.org] The server validated our request lib=lego
2025-04-16T18:17:12Z DBG github.com/go-acme/lego/v4@v4.22.2/log/logger.go:48 > [INFO] [*.crispychrisprivserver.org] acme: Cleaning DNS-01 challenge lib=lego
2025-04-16T18:17:12Z DBG github.com/go-acme/lego/v4@v4.22.2/log/logger.go:48 > [INFO] [crispychrisprivserver.org] acme: Cleaning DNS-01 challenge lib=lego
2025-04-16T18:17:12Z DBG github.com/go-acme/lego/v4@v4.22.2/log/logger.go:48 > [INFO] [crispychrisprivserver.org, *.crispychrisprivserver.org] acme: Validations succeeded; requesting certificates lib=lego
2025-04-16T18:17:14Z DBG github.com/go-acme/lego/v4@v4.22.2/log/logger.go:48 > [INFO] Wait for certificate [timeout: 30s, interval: 500ms] lib=lego
2025-04-16T18:17:17Z DBG github.com/go-acme/lego/v4@v4.22.2/log/logger.go:48 > [INFO] [crispychrisprivserver.org] Server responded with a certificate. lib=lego
2025-04-16T18:17:17Z DBG github.com/traefik/traefik/v3/pkg/provider/acme/provider.go:730 > Certificates obtained for domains [crispychrisprivserver.org *.crispychrisprivserver.org] ACME CA=https://acme-staging-v02.api.letsencrypt.org/directory acmeCA=https://acme-staging-v02.api.letsencrypt.org/directory providerName=cloudflare.acme
2025-04-16T18:17:17Z DBG github.com/traefik/traefik/v3/pkg/server/configurationwatcher.go:227 > Configuration received config={"http":{},"tcp":{},"tls":{},"udp":{}} providerName=cloudflare.acme
2025-04-16T18:17:17Z DBG github.com/traefik/traefik/v3/pkg/tls/certificate.go:132 > Adding certificate for domain(s) *.crispychrisprivserver.org,crispychrisprivserver.org
2025-04-16T18:17:17Z DBG github.com/traefik/traefik/v3/pkg/tls/tlsmanager.go:321 > No default certificate, fallback to the internal generated certificate tlsStoreName=default
2025-04-16T18:17:17Z DBG github.com/traefik/traefik/v3/pkg/server/service/service.go:312 > Creating load-balancer entryPointName=web routerName=traefik@docker serviceName=traefik-traefik@docker
2025-04-16T18:17:17Z DBG github.com/traefik/traefik/v3/pkg/server/service/service.go:344 > Creating server URL=http://172.18.0.2:80 entryPointName=web routerName=traefik@docker serverIndex=0 serviceName=traefik-traefik@docker
2025-04-16T18:17:17Z DBG github.com/traefik/traefik/v3/pkg/middlewares/redirect/redirect_scheme.go:29 > Creating middleware entryPointName=web middlewareName=redirect-to-https@docker middlewareType=RedirectScheme routerName=traefik@docker
2025-04-16T18:17:17Z DBG github.com/traefik/traefik/v3/pkg/middlewares/redirect/redirect_scheme.go:30 > Setting up redirection to https  entryPointName=web middlewareName=redirect-to-https@docker middlewareType=RedirectScheme routerName=traefik@docker
2025-04-16T18:17:17Z DBG github.com/traefik/traefik/v3/pkg/middlewares/recovery/recovery.go:25 > Creating middleware entryPointName=web middlewareName=traefik-internal-recovery middlewareType=Recovery
2025-04-16T18:17:17Z DBG github.com/traefik/traefik/v3/pkg/middlewares/headers/headers.go:27 > Creating middleware entryPointName=websecure middlewareName=secure-headers@docker middlewareType=Headers routerName=traefik-secure@docker
2025-04-16T18:17:17Z DBG github.com/traefik/traefik/v3/pkg/middlewares/headers/headers.go:41 > Setting up secureHeaders from {map[X-Forwarded-Proto:https] map[] false [] [] [] [] [] 0 false [] [] map[] 3153600 true true true false  true false 0 default-src 'self'   strict-origin-when-cross-origin  false <nil> <nil> <nil> <nil> <nil>} entryPointName=websecure middlewareName=secure-headers@docker middlewareType=Headers routerName=traefik-secure@docker
2025-04-16T18:17:17Z DBG github.com/traefik/traefik/v3/pkg/middlewares/headers/headers.go:47 > Setting up customHeaders/Cors from {map[X-Forwarded-Proto:https] map[] false [] [] [] [] [] 0 false [] [] map[] 3153600 true true true false  true false 0 default-src 'self'   strict-origin-when-cross-origin  false <nil> <nil> <nil> <nil> <nil>} entryPointName=websecure middlewareName=secure-headers@docker middlewareType=Headers routerName=traefik-secure@docker
2025-04-16T18:17:17Z DBG github.com/traefik/traefik/v3/pkg/middlewares/observability/middleware.go:33 > Adding tracing to middleware entryPointName=websecure middlewareName=secure-headers@docker routerName=traefik-secure@docker
2025-04-16T18:17:17Z DBG github.com/traefik/traefik/v3/pkg/middlewares/auth/basic_auth.go:37 > Creating middleware entryPointName=websecure middlewareName=traefik-auth@docker middlewareType=BasicAuth routerName=traefik-secure@docker
2025-04-16T18:17:17Z DBG github.com/traefik/traefik/v3/pkg/middlewares/observability/middleware.go:33 > Adding tracing to middleware entryPointName=websecure middlewareName=traefik-auth@docker routerName=traefik-secure@docker
2025-04-16T18:17:17Z DBG github.com/traefik/traefik/v3/pkg/middlewares/recovery/recovery.go:25 > Creating middleware entryPointName=websecure middlewareName=traefik-internal-recovery middlewareType=Recovery
2025-04-16T18:17:17Z DBG github.com/traefik/traefik/v3/pkg/server/router/tcp/manager.go:237 > Adding route for traefik.crispychrisprivserver.org with TLS options default entryPointName=websecure
2025-04-16T18:17:17Z DBG github.com/traefik/traefik/v3/pkg/provider/acme/provider.go:940 > Looking for provided certificate(s) to validate ["crispychrisprivserver.org" "*.crispychrisprivserver.org"]... ACME CA=https://acme-staging-v02.api.letsencrypt.org/directory acmeCA=https://acme-staging-v02.api.letsencrypt.org/directory providerName=cloudflare.acme
2025-04-16T18:17:17Z DBG github.com/traefik/traefik/v3/pkg/provider/acme/provider.go:984 > No ACME certificate generation required for domains ACME CA=https://acme-staging-v02.api.letsencrypt.org/directory acmeCA=https://acme-staging-v02.api.letsencrypt.org/directory domains=["crispychrisprivserver.org","*.crispychrisprivserver.org"] providerName=cloudflare.acme
2025-04-16T18:19:07Z DBG log/log.go:245 > http: TLS handshake error from 172.18.0.1:63688: remote error: tls: bad certificate
2025-04-16T18:19:07Z DBG log/log.go:245 > http: TLS handshake error from 172.18.0.1:63692: remote error: tls: bad certificate
2025-04-16T18:19:16Z INF github.com/traefik/traefik/v3/pkg/server/server.go:51 > I have to go...
2025-04-16T18:19:16Z INF github.com/traefik/traefik/v3/pkg/server/server.go:52 > Stopping server gracefully
2025-04-16T18:19:16Z DBG github.com/traefik/traefik/v3/pkg/server/server_entrypoint_tcp.go:298 > Waiting 10s seconds before killing connections entryPointName=websecure
2025-04-16T18:19:16Z DBG github.com/traefik/traefik/v3/pkg/server/server_entrypoint_tcp.go:298 > Waiting 10s seconds before killing connections entryPointName=web
2025-04-16T18:19:16Z ERR github.com/traefik/traefik/v3/pkg/server/server_entrypoint_tcp.go:240 > error="accept tcp [::]:443: use of closed network connection" entryPointName=websecure
2025-04-16T18:19:16Z ERR github.com/traefik/traefik/v3/pkg/server/server_entrypoint_tcp.go:316 > error="close tcp [::]:443: use of closed network connection" entryPointName=websecure
2025-04-16T18:19:16Z DBG github.com/traefik/traefik/v3/pkg/server/server_entrypoint_tcp.go:153 > Entrypoint closed entryPointName=websecure
2025-04-16T18:19:16Z ERR github.com/traefik/traefik/v3/pkg/server/server_entrypoint_tcp.go:240 > error="accept tcp [::]:80: use of closed network connection" entryPointName=web
2025-04-16T18:19:16Z ERR github.com/traefik/traefik/v3/pkg/server/server_entrypoint_tcp.go:316 > error="close tcp [::]:80: use of closed network connection" entryPointName=web
2025-04-16T18:19:16Z DBG github.com/traefik/traefik/v3/pkg/server/server_entrypoint_tcp.go:153 > Entrypoint closed entryPointName=web
2025-04-16T18:19:16Z INF github.com/traefik/traefik/v3/pkg/server/server.go:76 > Server stopped
2025-04-16T18:19:16Z INF github.com/traefik/traefik/v3/cmd/traefik/traefik.go:168 > Shutting down
2025-04-16T18:20:38Z INF github.com/traefik/traefik/v3/cmd/traefik/traefik.go:106 > Traefik version 3.3.5 built on 2025-03-31T08:45:53Z version=3.3.5
2025-04-16T18:20:38Z DBG github.com/traefik/traefik/v3/cmd/traefik/traefik.go:113 > Static configuration loaded [json] staticConfiguration={"accessLog":{"fields":{"defaultMode":"keep","headers":{"defaultMode":"drop"}},"filePath":"/var/log/traefik/access.log","filters":{},"format":"common"},"api":{"basePath":"/","dashboard":true,"debug":true},"certificatesResolvers":{"cloudflare":{"acme":{"caServer":"https://acme-v02.api.letsencrypt.org/directory","certificatesDuration":2160,"dnsChallenge":{"provider":"cloudflare","resolvers":["1.0.0.1:53"]},"email":"chrisolsenweb@gmail.com","keyType":"RSA4096","storage":"/letsencrypt/acme.json"}}},"entryPoints":{"web":{"address":":80","forwardedHeaders":{},"http":{"maxHeaderBytes":1048576},"http2":{"maxConcurrentStreams":250},"transport":{"lifeCycle":{"graceTimeOut":"10s"},"respondingTimeouts":{"idleTimeout":"3m0s","readTimeout":"1m0s"}},"udp":{"timeout":"3s"}},"websecure":{"address":":443","forwardedHeaders":{},"http":{"maxHeaderBytes":1048576},"http2":{"maxConcurrentStreams":250},"transport":{"lifeCycle":{"graceTimeOut":"10s"},"respondingTimeouts":{"idleTimeout":"3m0s","readTimeout":"1m0s"}},"udp":{"timeout":"3s"}}},"global":{"checkNewVersion":true},"log":{"filePath":"/var/log/traefik/traefik.log","format":"common","level":"DEBUG"},"providers":{"docker":{"defaultRule":"Host(`{{ normalize .Name }}`)","endpoint":"unix:///var/run/docker.sock","watch":true},"providersThrottleDuration":"2s"},"serversTransport":{"insecureSkipVerify":true,"maxIdleConnsPerHost":200},"tcpServersTransport":{"dialKeepAlive":"15s","dialTimeout":"30s"}}
2025-04-16T18:20:38Z INF github.com/traefik/traefik/v3/cmd/traefik/traefik.go:632 > 
Stats collection is disabled.
Help us improve Traefik by turning this feature on :)
More details on: https://doc.traefik.io/traefik/contributing/data-collection/

2025-04-16T18:20:38Z INF github.com/traefik/traefik/v3/pkg/server/configurationwatcher.go:73 > Starting provider aggregator *aggregator.ProviderAggregator
2025-04-16T18:20:38Z DBG github.com/traefik/traefik/v3/pkg/server/server_entrypoint_tcp.go:231 > Starting TCP Server entryPointName=web
2025-04-16T18:20:38Z DBG github.com/traefik/traefik/v3/pkg/server/server_entrypoint_tcp.go:231 > Starting TCP Server entryPointName=websecure
2025-04-16T18:20:38Z INF github.com/traefik/traefik/v3/pkg/provider/aggregator/aggregator.go:202 > Starting provider *acme.ChallengeTLSALPN
2025-04-16T18:20:38Z DBG github.com/traefik/traefik/v3/pkg/provider/aggregator/aggregator.go:203 > *acme.ChallengeTLSALPN provider configuration config={}
2025-04-16T18:20:38Z INF github.com/traefik/traefik/v3/pkg/provider/aggregator/aggregator.go:202 > Starting provider *traefik.Provider
2025-04-16T18:20:38Z DBG github.com/traefik/traefik/v3/pkg/provider/aggregator/aggregator.go:203 > *traefik.Provider provider configuration config={}
2025-04-16T18:20:38Z INF github.com/traefik/traefik/v3/pkg/provider/aggregator/aggregator.go:202 > Starting provider *docker.Provider
2025-04-16T18:20:38Z DBG github.com/traefik/traefik/v3/pkg/provider/aggregator/aggregator.go:203 > *docker.Provider provider configuration config={"defaultRule":"Host(`{{ normalize .Name }}`)","endpoint":"unix:///var/run/docker.sock","watch":true}
2025-04-16T18:20:38Z INF github.com/traefik/traefik/v3/pkg/provider/aggregator/aggregator.go:202 > Starting provider *acme.Provider
2025-04-16T18:20:38Z DBG github.com/traefik/traefik/v3/pkg/server/configurationwatcher.go:227 > Configuration received config={"http":{"serversTransports":{"default":{"insecureSkipVerify":true,"maxIdleConnsPerHost":200}},"services":{"api":{},"dashboard":{},"noop":{}}},"tcp":{"serversTransports":{"default":{"dialKeepAlive":"15s","dialTimeout":"30s"}}},"tls":{},"udp":{}} providerName=internal
2025-04-16T18:20:38Z DBG github.com/traefik/traefik/v3/pkg/provider/aggregator/aggregator.go:203 > *acme.Provider provider configuration config={"HTTPChallengeProvider":{},"ResolverName":"cloudflare","TLSChallengeProvider":{},"caServer":"https://acme-v02.api.letsencrypt.org/directory","certificatesDuration":2160,"dnsChallenge":{"provider":"cloudflare","resolvers":["1.0.0.1:53"]},"email":"chrisolsenweb@gmail.com","keyType":"RSA4096","storage":"/letsencrypt/acme.json","store":{}}
2025-04-16T18:20:38Z DBG github.com/traefik/traefik/v3/pkg/provider/acme/provider.go:232 > Attempt to renew certificates "720h0m0s" before expiry and check every "24h0m0s" acmeCA=https://acme-v02.api.letsencrypt.org/directory providerName=cloudflare.acme
2025-04-16T18:20:38Z INF github.com/traefik/traefik/v3/pkg/provider/acme/provider.go:884 > Testing certificate renew... acmeCA=https://acme-v02.api.letsencrypt.org/directory providerName=cloudflare.acme
2025-04-16T18:20:38Z DBG github.com/traefik/traefik/v3/pkg/server/configurationwatcher.go:227 > Configuration received config={"http":{},"tcp":{},"tls":{},"udp":{}} providerName=cloudflare.acme
2025-04-16T18:20:38Z DBG github.com/traefik/traefik/v3/pkg/provider/docker/pdocker.go:90 > Provider connection established with docker 28.0.4 (API 1.48) providerName=docker
2025-04-16T18:20:38Z DBG github.com/traefik/traefik/v3/pkg/server/configurationwatcher.go:227 > Configuration received config={"http":{"middlewares":{"redirect-to-https":{"redirectScheme":{"scheme":"https"}},"secure-headers":{"headers":{"contentSecurityPolicy":"default-src 'self'","contentTypeNosniff":true,"customBrowserXSSValue":"0","customRequestHeaders":{"X-Forwarded-Proto":"https"},"forceSTSHeader":true,"referrerPolicy":"strict-origin-when-cross-origin","stsIncludeSubdomains":true,"stsPreload":true,"stsSeconds":3153600}},"traefik-auth":{"basicAuth":{"users":["chris:$2y$05$AbuKHrv0FggUuBDj3tMOfO8GbgGxpVyFy1rs09pCrA5efDDGPQUHC"]}}},"routers":{"traefik":{"entryPoints":["web"],"middlewares":["redirect-to-https"],"rule":"Host(`traefik.crispychrisprivserver.org`)","service":"traefik-traefik"},"traefik-secure":{"entryPoints":["websecure"],"middlewares":["traefik-auth","secure-headers"],"rule":"Host(`traefik.crispychrisprivserver.org`)","service":"api@internal","tls":{"certResolver":"cloudflare","domains":[{"main":"crispychrisprivserver.org","sans":["*.crispychrisprivserver.org"]}]}}},"services":{"traefik-traefik":{"loadBalancer":{"passHostHeader":true,"responseForwarding":{"flushInterval":"100ms"},"servers":[{"url":"http://172.18.0.2:80"}]}}}},"tcp":{},"tls":{},"udp":{}} providerName=docker
2025-04-16T18:20:38Z DBG github.com/traefik/traefik/v3/pkg/tls/tlsmanager.go:321 > No default certificate, fallback to the internal generated certificate tlsStoreName=default
2025-04-16T18:20:38Z DBG github.com/traefik/traefik/v3/pkg/tls/tlsmanager.go:321 > No default certificate, fallback to the internal generated certificate tlsStoreName=default
2025-04-16T18:20:38Z DBG github.com/traefik/traefik/v3/pkg/server/service/service.go:312 > Creating load-balancer entryPointName=web routerName=traefik@docker serviceName=traefik-traefik@docker
2025-04-16T18:20:38Z DBG github.com/traefik/traefik/v3/pkg/server/service/service.go:344 > Creating server URL=http://172.18.0.2:80 entryPointName=web routerName=traefik@docker serverIndex=0 serviceName=traefik-traefik@docker
2025-04-16T18:20:38Z DBG github.com/traefik/traefik/v3/pkg/middlewares/redirect/redirect_scheme.go:29 > Creating middleware entryPointName=web middlewareName=redirect-to-https@docker middlewareType=RedirectScheme routerName=traefik@docker
2025-04-16T18:20:38Z DBG github.com/traefik/traefik/v3/pkg/middlewares/redirect/redirect_scheme.go:30 > Setting up redirection to https  entryPointName=web middlewareName=redirect-to-https@docker middlewareType=RedirectScheme routerName=traefik@docker
2025-04-16T18:20:38Z DBG github.com/traefik/traefik/v3/pkg/middlewares/recovery/recovery.go:25 > Creating middleware entryPointName=web middlewareName=traefik-internal-recovery middlewareType=Recovery
2025-04-16T18:20:38Z DBG github.com/traefik/traefik/v3/pkg/middlewares/headers/headers.go:27 > Creating middleware entryPointName=websecure middlewareName=secure-headers@docker middlewareType=Headers routerName=traefik-secure@docker
2025-04-16T18:20:38Z DBG github.com/traefik/traefik/v3/pkg/middlewares/headers/headers.go:41 > Setting up secureHeaders from {map[X-Forwarded-Proto:https] map[] false [] [] [] [] [] 0 false [] [] map[] 3153600 true true true false  true false 0 default-src 'self'   strict-origin-when-cross-origin  false <nil> <nil> <nil> <nil> <nil>} entryPointName=websecure middlewareName=secure-headers@docker middlewareType=Headers routerName=traefik-secure@docker
2025-04-16T18:20:38Z DBG github.com/traefik/traefik/v3/pkg/middlewares/headers/headers.go:47 > Setting up customHeaders/Cors from {map[X-Forwarded-Proto:https] map[] false [] [] [] [] [] 0 false [] [] map[] 3153600 true true true false  true false 0 default-src 'self'   strict-origin-when-cross-origin  false <nil> <nil> <nil> <nil> <nil>} entryPointName=websecure middlewareName=secure-headers@docker middlewareType=Headers routerName=traefik-secure@docker
2025-04-16T18:20:38Z DBG github.com/traefik/traefik/v3/pkg/middlewares/observability/middleware.go:33 > Adding tracing to middleware entryPointName=websecure middlewareName=secure-headers@docker routerName=traefik-secure@docker
2025-04-16T18:20:38Z DBG github.com/traefik/traefik/v3/pkg/middlewares/auth/basic_auth.go:37 > Creating middleware entryPointName=websecure middlewareName=traefik-auth@docker middlewareType=BasicAuth routerName=traefik-secure@docker
2025-04-16T18:20:38Z DBG github.com/traefik/traefik/v3/pkg/middlewares/observability/middleware.go:33 > Adding tracing to middleware entryPointName=websecure middlewareName=traefik-auth@docker routerName=traefik-secure@docker
2025-04-16T18:20:38Z DBG github.com/traefik/traefik/v3/pkg/middlewares/recovery/recovery.go:25 > Creating middleware entryPointName=websecure middlewareName=traefik-internal-recovery middlewareType=Recovery
2025-04-16T18:20:38Z DBG github.com/traefik/traefik/v3/pkg/server/router/tcp/manager.go:237 > Adding route for traefik.crispychrisprivserver.org with TLS options default entryPointName=websecure
2025-04-16T18:20:38Z DBG github.com/traefik/traefik/v3/pkg/provider/acme/provider.go:940 > Looking for provided certificate(s) to validate ["crispychrisprivserver.org" "*.crispychrisprivserver.org"]... ACME CA=https://acme-v02.api.letsencrypt.org/directory acmeCA=https://acme-v02.api.letsencrypt.org/directory providerName=cloudflare.acme
2025-04-16T18:20:38Z DBG github.com/traefik/traefik/v3/pkg/provider/acme/provider.go:986 > Domains need ACME certificates generation for domains "crispychrisprivserver.org,*.crispychrisprivserver.org". ACME CA=https://acme-v02.api.letsencrypt.org/directory acmeCA=https://acme-v02.api.letsencrypt.org/directory domains=["crispychrisprivserver.org","*.crispychrisprivserver.org"] providerName=cloudflare.acme
2025-04-16T18:20:38Z DBG github.com/traefik/traefik/v3/pkg/provider/acme/provider.go:706 > Loading ACME certificates [crispychrisprivserver.org *.crispychrisprivserver.org]... ACME CA=https://acme-v02.api.letsencrypt.org/directory acmeCA=https://acme-v02.api.letsencrypt.org/directory providerName=cloudflare.acme
2025-04-16T18:20:42Z DBG github.com/traefik/traefik/v3/pkg/provider/acme/provider.go:270 > Building ACME client... providerName=cloudflare.acme
2025-04-16T18:20:42Z DBG github.com/traefik/traefik/v3/pkg/provider/acme/provider.go:276 > https://acme-v02.api.letsencrypt.org/directory providerName=cloudflare.acme
2025-04-16T18:20:43Z INF github.com/traefik/traefik/v3/pkg/provider/acme/provider.go:457 > Register... providerName=cloudflare.acme
2025-04-16T18:20:43Z DBG github.com/go-acme/lego/v4@v4.22.2/log/logger.go:48 > [INFO] acme: Registering account for chrisolsenweb@gmail.com lib=lego
2025-04-16T18:20:43Z DBG github.com/traefik/traefik/v3/pkg/provider/acme/provider.go:317 > Using DNS Challenge provider: cloudflare providerName=cloudflare.acme
2025-04-16T18:20:43Z DBG github.com/go-acme/lego/v4@v4.22.2/log/logger.go:48 > [INFO] [crispychrisprivserver.org, *.crispychrisprivserver.org] acme: Obtaining bundled SAN certificate lib=lego
2025-04-16T18:20:44Z DBG github.com/go-acme/lego/v4@v4.22.2/log/logger.go:48 > [INFO] [*.crispychrisprivserver.org] AuthURL: https://acme-v02.api.letsencrypt.org/acme/authz/2345236387/506570273007 lib=lego
2025-04-16T18:20:44Z DBG github.com/go-acme/lego/v4@v4.22.2/log/logger.go:48 > [INFO] [crispychrisprivserver.org] AuthURL: https://acme-v02.api.letsencrypt.org/acme/authz/2345236387/506570273097 lib=lego
2025-04-16T18:20:44Z DBG github.com/go-acme/lego/v4@v4.22.2/log/logger.go:48 > [INFO] [*.crispychrisprivserver.org] acme: use dns-01 solver lib=lego
2025-04-16T18:20:44Z DBG github.com/go-acme/lego/v4@v4.22.2/log/logger.go:48 > [INFO] [crispychrisprivserver.org] acme: Could not find solver for: tls-alpn-01 lib=lego
2025-04-16T18:20:44Z DBG github.com/go-acme/lego/v4@v4.22.2/log/logger.go:48 > [INFO] [crispychrisprivserver.org] acme: Could not find solver for: http-01 lib=lego
2025-04-16T18:20:44Z DBG github.com/go-acme/lego/v4@v4.22.2/log/logger.go:48 > [INFO] [crispychrisprivserver.org] acme: use dns-01 solver lib=lego
2025-04-16T18:20:44Z DBG github.com/go-acme/lego/v4@v4.22.2/log/logger.go:48 > [INFO] [*.crispychrisprivserver.org] acme: Preparing to solve DNS-01 lib=lego
2025-04-16T18:20:45Z DBG github.com/go-acme/lego/v4@v4.22.2/log/logger.go:48 > [INFO] cloudflare: new record for crispychrisprivserver.org, ID 305d3c66d62145ac14077408282fa5ed lib=lego
2025-04-16T18:20:45Z DBG github.com/go-acme/lego/v4@v4.22.2/log/logger.go:48 > [INFO] [crispychrisprivserver.org] acme: Preparing to solve DNS-01 lib=lego
2025-04-16T18:20:45Z DBG github.com/go-acme/lego/v4@v4.22.2/log/logger.go:48 > [INFO] cloudflare: new record for crispychrisprivserver.org, ID fe8770b141d336e649109ab8c08d64fa lib=lego
2025-04-16T18:20:45Z DBG github.com/go-acme/lego/v4@v4.22.2/log/logger.go:48 > [INFO] [*.crispychrisprivserver.org] acme: Trying to solve DNS-01 lib=lego
2025-04-16T18:20:45Z DBG github.com/go-acme/lego/v4@v4.22.2/log/logger.go:48 > [INFO] [*.crispychrisprivserver.org] acme: Checking DNS record propagation. [nameservers=1.0.0.1:53] lib=lego
2025-04-16T18:20:47Z DBG github.com/go-acme/lego/v4@v4.22.2/log/logger.go:48 > [INFO] Wait for propagation [timeout: 2m0s, interval: 2s] lib=lego
2025-04-16T18:20:48Z DBG github.com/go-acme/lego/v4@v4.22.2/log/logger.go:48 > [INFO] [*.crispychrisprivserver.org] acme: Waiting for DNS record propagation. lib=lego
2025-04-16T18:20:50Z DBG github.com/go-acme/lego/v4@v4.22.2/log/logger.go:48 > [INFO] [*.crispychrisprivserver.org] acme: Waiting for DNS record propagation. lib=lego
2025-04-16T18:20:59Z DBG github.com/go-acme/lego/v4@v4.22.2/log/logger.go:48 > [INFO] [*.crispychrisprivserver.org] The server validated our request lib=lego
2025-04-16T18:20:59Z DBG github.com/go-acme/lego/v4@v4.22.2/log/logger.go:48 > [INFO] [crispychrisprivserver.org] acme: Trying to solve DNS-01 lib=lego
2025-04-16T18:20:59Z DBG github.com/go-acme/lego/v4@v4.22.2/log/logger.go:48 > [INFO] [crispychrisprivserver.org] acme: Checking DNS record propagation. [nameservers=1.0.0.1:53] lib=lego
2025-04-16T18:21:01Z DBG github.com/go-acme/lego/v4@v4.22.2/log/logger.go:48 > [INFO] Wait for propagation [timeout: 2m0s, interval: 2s] lib=lego
2025-04-16T18:21:06Z DBG github.com/go-acme/lego/v4@v4.22.2/log/logger.go:48 > [INFO] [crispychrisprivserver.org] The server validated our request lib=lego
2025-04-16T18:21:06Z DBG github.com/go-acme/lego/v4@v4.22.2/log/logger.go:48 > [INFO] [*.crispychrisprivserver.org] acme: Cleaning DNS-01 challenge lib=lego
2025-04-16T18:21:06Z DBG github.com/go-acme/lego/v4@v4.22.2/log/logger.go:48 > [INFO] [crispychrisprivserver.org] acme: Cleaning DNS-01 challenge lib=lego
2025-04-16T18:21:07Z DBG github.com/go-acme/lego/v4@v4.22.2/log/logger.go:48 > [INFO] [crispychrisprivserver.org, *.crispychrisprivserver.org] acme: Validations succeeded; requesting certificates lib=lego
2025-04-16T18:21:10Z DBG github.com/go-acme/lego/v4@v4.22.2/log/logger.go:48 > [INFO] [crispychrisprivserver.org] Server responded with a certificate. lib=lego
2025-04-16T18:21:10Z DBG github.com/traefik/traefik/v3/pkg/provider/acme/provider.go:730 > Certificates obtained for domains [crispychrisprivserver.org *.crispychrisprivserver.org] ACME CA=https://acme-v02.api.letsencrypt.org/directory acmeCA=https://acme-v02.api.letsencrypt.org/directory providerName=cloudflare.acme
2025-04-16T18:21:10Z DBG github.com/traefik/traefik/v3/pkg/server/configurationwatcher.go:227 > Configuration received config={"http":{},"tcp":{},"tls":{},"udp":{}} providerName=cloudflare.acme
2025-04-16T18:21:10Z DBG github.com/traefik/traefik/v3/pkg/tls/certificate.go:132 > Adding certificate for domain(s) *.crispychrisprivserver.org,crispychrisprivserver.org
2025-04-16T18:21:10Z DBG github.com/traefik/traefik/v3/pkg/tls/tlsmanager.go:321 > No default certificate, fallback to the internal generated certificate tlsStoreName=default
2025-04-16T18:21:10Z DBG github.com/traefik/traefik/v3/pkg/server/service/service.go:312 > Creating load-balancer entryPointName=web routerName=traefik@docker serviceName=traefik-traefik@docker
2025-04-16T18:21:10Z DBG github.com/traefik/traefik/v3/pkg/server/service/service.go:344 > Creating server URL=http://172.18.0.2:80 entryPointName=web routerName=traefik@docker serverIndex=0 serviceName=traefik-traefik@docker
2025-04-16T18:21:10Z DBG github.com/traefik/traefik/v3/pkg/middlewares/redirect/redirect_scheme.go:29 > Creating middleware entryPointName=web middlewareName=redirect-to-https@docker middlewareType=RedirectScheme routerName=traefik@docker
2025-04-16T18:21:10Z DBG github.com/traefik/traefik/v3/pkg/middlewares/redirect/redirect_scheme.go:30 > Setting up redirection to https  entryPointName=web middlewareName=redirect-to-https@docker middlewareType=RedirectScheme routerName=traefik@docker
2025-04-16T18:21:10Z DBG github.com/traefik/traefik/v3/pkg/middlewares/recovery/recovery.go:25 > Creating middleware entryPointName=web middlewareName=traefik-internal-recovery middlewareType=Recovery
2025-04-16T18:21:10Z DBG github.com/traefik/traefik/v3/pkg/middlewares/headers/headers.go:27 > Creating middleware entryPointName=websecure middlewareName=secure-headers@docker middlewareType=Headers routerName=traefik-secure@docker
2025-04-16T18:21:10Z DBG github.com/traefik/traefik/v3/pkg/middlewares/headers/headers.go:41 > Setting up secureHeaders from {map[X-Forwarded-Proto:https] map[] false [] [] [] [] [] 0 false [] [] map[] 3153600 true true true false  true false 0 default-src 'self'   strict-origin-when-cross-origin  false <nil> <nil> <nil> <nil> <nil>} entryPointName=websecure middlewareName=secure-headers@docker middlewareType=Headers routerName=traefik-secure@docker
2025-04-16T18:21:10Z DBG github.com/traefik/traefik/v3/pkg/middlewares/headers/headers.go:47 > Setting up customHeaders/Cors from {map[X-Forwarded-Proto:https] map[] false [] [] [] [] [] 0 false [] [] map[] 3153600 true true true false  true false 0 default-src 'self'   strict-origin-when-cross-origin  false <nil> <nil> <nil> <nil> <nil>} entryPointName=websecure middlewareName=secure-headers@docker middlewareType=Headers routerName=traefik-secure@docker
2025-04-16T18:21:10Z DBG github.com/traefik/traefik/v3/pkg/middlewares/observability/middleware.go:33 > Adding tracing to middleware entryPointName=websecure middlewareName=secure-headers@docker routerName=traefik-secure@docker
2025-04-16T18:21:10Z DBG github.com/traefik/traefik/v3/pkg/middlewares/auth/basic_auth.go:37 > Creating middleware entryPointName=websecure middlewareName=traefik-auth@docker middlewareType=BasicAuth routerName=traefik-secure@docker
2025-04-16T18:21:10Z DBG github.com/traefik/traefik/v3/pkg/middlewares/observability/middleware.go:33 > Adding tracing to middleware entryPointName=websecure middlewareName=traefik-auth@docker routerName=traefik-secure@docker
2025-04-16T18:21:10Z DBG github.com/traefik/traefik/v3/pkg/middlewares/recovery/recovery.go:25 > Creating middleware entryPointName=websecure middlewareName=traefik-internal-recovery middlewareType=Recovery
2025-04-16T18:21:10Z DBG github.com/traefik/traefik/v3/pkg/server/router/tcp/manager.go:237 > Adding route for traefik.crispychrisprivserver.org with TLS options default entryPointName=websecure
2025-04-16T18:21:10Z DBG github.com/traefik/traefik/v3/pkg/provider/acme/provider.go:940 > Looking for provided certificate(s) to validate ["crispychrisprivserver.org" "*.crispychrisprivserver.org"]... ACME CA=https://acme-v02.api.letsencrypt.org/directory acmeCA=https://acme-v02.api.letsencrypt.org/directory providerName=cloudflare.acme
2025-04-16T18:21:10Z DBG github.com/traefik/traefik/v3/pkg/provider/acme/provider.go:984 > No ACME certificate generation required for domains ACME CA=https://acme-v02.api.letsencrypt.org/directory acmeCA=https://acme-v02.api.letsencrypt.org/directory domains=["crispychrisprivserver.org","*.crispychrisprivserver.org"] providerName=cloudflare.acme
2025-04-16T18:21:17Z DBG github.com/traefik/traefik/v3/pkg/middlewares/auth/basic_auth.go:82 > Authentication failed middlewareName=traefik-auth@docker middlewareType=BasicAuth
2025-04-16T18:21:21Z DBG github.com/traefik/traefik/v3/pkg/middlewares/auth/basic_auth.go:89 > Authentication succeeded middlewareName=traefik-auth@docker middlewareType=BasicAuth
2025-04-16T18:21:21Z DBG github.com/traefik/traefik/v3/pkg/middlewares/auth/basic_auth.go:89 > Authentication succeeded middlewareName=traefik-auth@docker middlewareType=BasicAuth
2025-04-16T18:21:21Z DBG github.com/traefik/traefik/v3/pkg/middlewares/auth/basic_auth.go:89 > Authentication succeeded middlewareName=traefik-auth@docker middlewareType=BasicAuth
2025-04-16T18:21:21Z DBG github.com/traefik/traefik/v3/pkg/middlewares/auth/basic_auth.go:89 > Authentication succeeded middlewareName=traefik-auth@docker middlewareType=BasicAuth
2025-04-16T18:21:22Z DBG github.com/traefik/traefik/v3/pkg/middlewares/auth/basic_auth.go:89 > Authentication succeeded middlewareName=traefik-auth@docker middlewareType=BasicAuth
2025-04-16T18:21:22Z DBG github.com/traefik/traefik/v3/pkg/middlewares/auth/basic_auth.go:89 > Authentication succeeded middlewareName=traefik-auth@docker middlewareType=BasicAuth
2025-04-16T18:21:22Z DBG github.com/traefik/traefik/v3/pkg/middlewares/auth/basic_auth.go:89 > Authentication succeeded middlewareName=traefik-auth@docker middlewareType=BasicAuth
2025-04-16T18:21:22Z DBG github.com/traefik/traefik/v3/pkg/middlewares/auth/basic_auth.go:89 > Authentication succeeded middlewareName=traefik-auth@docker middlewareType=BasicAuth
2025-04-16T18:21:22Z DBG github.com/traefik/traefik/v3/pkg/middlewares/auth/basic_auth.go:89 > Authentication succeeded middlewareName=traefik-auth@docker middlewareType=BasicAuth
2025-04-16T18:21:22Z DBG github.com/traefik/traefik/v3/pkg/middlewares/auth/basic_auth.go:89 > Authentication succeeded middlewareName=traefik-auth@docker middlewareType=BasicAuth
2025-04-16T18:21:22Z DBG github.com/traefik/traefik/v3/pkg/middlewares/auth/basic_auth.go:89 > Authentication succeeded middlewareName=traefik-auth@docker middlewareType=BasicAuth
2025-04-16T18:21:22Z DBG log/log.go:245 > http: TLS handshake error from 172.18.0.1:62864: EOF
2025-04-16T18:21:22Z DBG log/log.go:245 > http: TLS handshake error from 172.18.0.1:62860: EOF
2025-04-16T18:21:22Z DBG github.com/traefik/traefik/v3/pkg/middlewares/auth/basic_auth.go:89 > Authentication succeeded middlewareName=traefik-auth@docker middlewareType=BasicAuth
2025-04-16T18:21:22Z DBG github.com/traefik/traefik/v3/pkg/middlewares/auth/basic_auth.go:89 > Authentication succeeded middlewareName=traefik-auth@docker middlewareType=BasicAuth
2025-04-16T18:21:22Z DBG github.com/traefik/traefik/v3/pkg/middlewares/auth/basic_auth.go:89 > Authentication succeeded middlewareName=traefik-auth@docker middlewareType=BasicAuth
2025-04-16T18:21:22Z DBG github.com/traefik/traefik/v3/pkg/middlewares/auth/basic_auth.go:89 > Authentication succeeded middlewareName=traefik-auth@docker middlewareType=BasicAuth
2025-04-16T18:21:22Z DBG github.com/traefik/traefik/v3/pkg/middlewares/auth/basic_auth.go:89 > Authentication succeeded middlewareName=traefik-auth@docker middlewareType=BasicAuth
2025-04-16T18:21:22Z DBG github.com/traefik/traefik/v3/pkg/middlewares/auth/basic_auth.go:89 > Authentication succeeded middlewareName=traefik-auth@docker middlewareType=BasicAuth
2025-04-16T18:21:22Z DBG log/log.go:245 > http: TLS handshake error from 172.18.0.1:62924: EOF
2025-04-16T18:21:22Z DBG github.com/traefik/traefik/v3/pkg/middlewares/auth/basic_auth.go:89 > Authentication succeeded middlewareName=traefik-auth@docker middlewareType=BasicAuth
2025-04-16T18:21:22Z DBG github.com/traefik/traefik/v3/pkg/middlewares/auth/basic_auth.go:89 > Authentication succeeded middlewareName=traefik-auth@docker middlewareType=BasicAuth
2025-04-16T18:21:22Z DBG github.com/traefik/traefik/v3/pkg/middlewares/auth/basic_auth.go:89 > Authentication succeeded middlewareName=traefik-auth@docker middlewareType=BasicAuth
2025-04-16T18:21:22Z DBG github.com/traefik/traefik/v3/pkg/middlewares/auth/basic_auth.go:89 > Authentication succeeded middlewareName=traefik-auth@docker middlewareType=BasicAuth
2025-04-16T18:21:22Z DBG github.com/traefik/traefik/v3/pkg/middlewares/auth/basic_auth.go:89 > Authentication succeeded middlewareName=traefik-auth@docker middlewareType=BasicAuth
2025-04-16T18:21:22Z DBG github.com/traefik/traefik/v3/pkg/middlewares/auth/basic_auth.go:89 > Authentication succeeded middlewareName=traefik-auth@docker middlewareType=BasicAuth
2025-04-16T18:21:22Z DBG github.com/traefik/traefik/v3/pkg/middlewares/auth/basic_auth.go:89 > Authentication succeeded middlewareName=traefik-auth@docker middlewareType=BasicAuth
2025-04-16T18:21:22Z DBG github.com/traefik/traefik/v3/pkg/middlewares/auth/basic_auth.go:89 > Authentication succeeded middlewareName=traefik-auth@docker middlewareType=BasicAuth
2025-04-16T18:21:22Z DBG github.com/traefik/traefik/v3/pkg/middlewares/auth/basic_auth.go:89 > Authentication succeeded middlewareName=traefik-auth@docker middlewareType=BasicAuth
2025-04-16T18:21:22Z DBG github.com/traefik/traefik/v3/pkg/middlewares/auth/basic_auth.go:89 > Authentication succeeded middlewareName=traefik-auth@docker middlewareType=BasicAuth
2025-04-16T18:21:23Z DBG github.com/traefik/traefik/v3/pkg/middlewares/auth/basic_auth.go:89 > Authentication succeeded middlewareName=traefik-auth@docker middlewareType=BasicAuth
2025-04-16T18:21:27Z DBG github.com/traefik/traefik/v3/pkg/middlewares/auth/basic_auth.go:89 > Authentication succeeded middlewareName=traefik-auth@docker middlewareType=BasicAuth
2025-04-16T18:21:32Z DBG github.com/traefik/traefik/v3/pkg/middlewares/auth/basic_auth.go:89 > Authentication succeeded middlewareName=traefik-auth@docker middlewareType=BasicAuth
2025-04-16T18:21:37Z DBG github.com/traefik/traefik/v3/pkg/middlewares/auth/basic_auth.go:89 > Authentication succeeded middlewareName=traefik-auth@docker middlewareType=BasicAuth
2025-04-16T18:21:42Z DBG github.com/traefik/traefik/v3/pkg/middlewares/auth/basic_auth.go:89 > Authentication succeeded middlewareName=traefik-auth@docker middlewareType=BasicAuth
2025-04-16T18:21:47Z DBG github.com/traefik/traefik/v3/pkg/middlewares/auth/basic_auth.go:89 > Authentication succeeded middlewareName=traefik-auth@docker middlewareType=BasicAuth
2025-04-16T18:21:52Z DBG github.com/traefik/traefik/v3/pkg/middlewares/auth/basic_auth.go:89 > Authentication succeeded middlewareName=traefik-auth@docker middlewareType=BasicAuth
2025-04-16T18:21:57Z DBG github.com/traefik/traefik/v3/pkg/middlewares/auth/basic_auth.go:89 > Authentication succeeded middlewareName=traefik-auth@docker middlewareType=BasicAuth
